  Camera.cpp
  DirectionalLight.cpp
  Frame.cpp
  Graphics.cpp
  Light.cpp
  lodepng.cpp
D:\Sample Code\TerrainRender\TerrainRender\lodepng.cpp(799,34): warning C4334: '<<': 32비트 시프트의 결과가 암시적으로 64비트로 변환됩니다. 64비트 시프트를 사용하시겠습니까?
D:\Sample Code\TerrainRender\TerrainRender\lodepng.cpp(1459,29): warning C4267: '=': 'size_t'에서 'int'(으)로 변환하면서 데이터가 손실될 수 있습니다.
D:\Sample Code\TerrainRender\TerrainRender\lodepng.cpp(1463,31): warning C4267: '=': 'size_t'에서 'int'(으)로 변환하면서 데이터가 손실될 수 있습니다.
D:\Sample Code\TerrainRender\TerrainRender\lodepng.cpp(1535,86): warning C4267: '=': 'size_t'에서 'unsigned int'(으)로 변환하면서 데이터가 손실될 수 있습니다.
D:\Sample Code\TerrainRender\TerrainRender\lodepng.cpp(3479,46): warning C4334: '<<': 32비트 시프트의 결과가 암시적으로 64비트로 변환됩니다. 64비트 시프트를 사용하시겠습니까?
D:\Sample Code\TerrainRender\TerrainRender\lodepng.cpp(3493,54): warning C4267: '인수': 'size_t'에서 'unsigned int'(으)로 변환하면서 데이터가 손실될 수 있습니다.
D:\Sample Code\TerrainRender\TerrainRender\lodepng.cpp(4397,75): warning C4267: '=': 'size_t'에서 'unsigned int'(으)로 변환하면서 데이터가 손실될 수 있습니다.
D:\Sample Code\TerrainRender\TerrainRender\lodepng.cpp(4445,41): warning C4267: '=': 'size_t'에서 'unsigned int'(으)로 변환하면서 데이터가 손실될 수 있습니다.
D:\Sample Code\TerrainRender\TerrainRender\lodepng.cpp(4525,59): warning C4267: '=': 'size_t'에서 'unsigned int'(으)로 변환하면서 데이터가 손실될 수 있습니다.
D:\Sample Code\TerrainRender\TerrainRender\lodepng.cpp(5468,38): warning C4267: '초기화 중': 'size_t'에서 'unsigned int'(으)로 변환하면서 데이터가 손실될 수 있습니다.
  Main.cpp
  Material.cpp
  QuadTree.cpp
  ResourceManager.cpp
D:\Sample Code\TerrainRender\TerrainRender\ResourceManager.cpp(277,35): warning C4244: '인수': 'UINT64'에서 'double'(으)로 변환하면서 데이터가 손실될 수 있습니다.
  Scene.cpp
D:\Sample Code\TerrainRender\TerrainRender\Scene.cpp(34,18): warning C4244: '=': 'float'에서 'LONG'(으)로 변환하면서 데이터가 손실될 수 있습니다.
D:\Sample Code\TerrainRender\TerrainRender\Scene.cpp(35,17): warning C4244: '=': 'float'에서 'LONG'(으)로 변환하면서 데이터가 손실될 수 있습니다.
  BoundingVolume.cpp
  Terrain.cpp
  Window.cpp
  코드를 생성하고 있습니다...
  TerrainRender.vcxproj -> D:\Sample Code\TerrainRender\x64\Debug\TerrainRender.exe
